<?xml version="1.0" encoding="UTF-8"?>
<testng-results skipped="0" failed="0" total="1" passed="1">
  <reporter-output>
  </reporter-output>
  <suite name="Suite" duration-ms="47" started-at="2020-05-12T08:34:43Z" finished-at="2020-05-12T08:34:43Z">
    <groups>
    </groups>
    <test name="Test" duration-ms="47" started-at="2020-05-12T08:34:43Z" finished-at="2020-05-12T08:34:43Z">
      <class name="Jenkins.Jen.test">
        <test-method status="PASS" signature="tt()[pri:0, instance:Jenkins.Jen.test@53ca01a2]" name="tt" duration-ms="19" started-at="2020-05-12T14:04:43Z" finished-at="2020-05-12T14:04:43Z">
          <reporter-output>
          </reporter-output>
        </test-method> <!-- tt -->
      </class> <!-- Jenkins.Jen.test -->
    </test> <!-- Test -->
  </suite> <!-- Suite -->
</testng-results>
